<?xml version="1.0" encoding="UTF-8"?>
<testsuite name="agh.ics.oop.GrassFieldTest" tests="5" skipped="0" failures="0" errors="0" timestamp="2022-11-09T18:56:16" hostname="dawod" time="0.059">
  <properties/>
  <testcase name="testPlace()" classname="agh.ics.oop.GrassFieldTest" time="0.037"/>
  <testcase name="testIsOccupied()" classname="agh.ics.oop.GrassFieldTest" time="0.003"/>
  <testcase name="testGenerateGrass()" classname="agh.ics.oop.GrassFieldTest" time="0.002"/>
  <testcase name="testCanMoveTo()" classname="agh.ics.oop.GrassFieldTest" time="0.002"/>
  <testcase name="testObjectAt()" classname="agh.ics.oop.GrassFieldTest" time="0.005"/>
  <system-out><![CDATA[]]></system-out>
  <system-err><![CDATA[]]></system-err>
</testsuite>
