<?xml version="1.0" encoding="UTF-8"?>
<testsuite name="agh.ics.oop.RectangularMapTest" tests="1" skipped="0" failures="0" errors="0" timestamp="2022-11-02T19:42:30" hostname="dawod" time="0.042">
  <properties/>
  <testcase name="testObjectAt()" classname="agh.ics.oop.RectangularMapTest" time="0.042"/>
  <system-out><![CDATA[]]></system-out>
  <system-err><![CDATA[]]></system-err>
</testsuite>
